#
# There is insufficient memory for the Java Runtime Environment to continue.
# Native memory allocation (mmap) failed to map 268435456 bytes for Failed to commit area from 0x0000000701400000 to 0x0000000711400000 of length 268435456.
# Possible reasons:
#   The system is out of physical RAM or swap space
#   The process is running with CompressedOops enabled, and the Java Heap may be blocking the growth of the native heap
# Possible solutions:
#   Reduce memory load on the system
#   Increase physical memory or swap space
#   Check if swap backing store is full
#   Decrease Java heap size (-Xmx/-Xms)
#   Decrease number of Java threads
#   Decrease Java thread stack sizes (-Xss)
#   Set larger code cache with -XX:ReservedCodeCacheSize=
# This output file may be truncated or incomplete.
#
#  Out of Memory Error (./src/hotspot/os/windows/os_windows.cpp:3303), pid=3704, tid=10308
#
# JRE version:  (11.0.9.1+11) (build )
# Java VM: OpenJDK 64-Bit Server VM (11.0.9.1+11-b1145.63, mixed mode, sharing, tiered, compressed oops, g1 gc, windows-amd64)
# No core dump will be written. Minidumps are not enabled by default on client versions of Windows
#

---------------  S U M M A R Y ------------

Command Line: org.jetbrains.git4idea.http.GitAskPassApp Username for 'https://github.com': 

Host: Intel(R) Core(TM) i7-4700MQ CPU @ 2.40GHz, 8 cores, 15G,  Windows 10 , 64 bit Build 18362 (10.0.18362.1350)
Time: Sun Feb 21 07:13:10 2021 Aaea?onu (ceia) elapsed time: 0.014921 seconds (0d 0h 0m 0s)

---------------  T H R E A D  ---------------

Current thread (0x0000022b8c64c000):  JavaThread "Unknown thread" [_thread_in_vm, id=10308, stack(0x0000008e97900000,0x0000008e97a00000)]

Stack: [0x0000008e97900000,0x0000008e97a00000]
Native frames: (J=compiled Java code, j=interpreted, Vv=VM code, C=native code)
V  [jvm.dll+0x5edd9a]
V  [jvm.dll+0x7229c5]
V  [jvm.dll+0x723f1d]
V  [jvm.dll+0x7245d3]
V  [jvm.dll+0x2431b8]
V  [jvm.dll+0x5eb234]
V  [jvm.dll+0x5e0325]
V  [jvm.dll+0x2fe60b]
V  [jvm.dll+0x2fe57a]
V  [jvm.dll+0x2fe452]
V  [jvm.dll+0x303346]
V  [jvm.dll+0x34ba83]
V  [jvm.dll+0x34c186]
V  [jvm.dll+0x34bb83]
V  [jvm.dll+0x2d9218]
V  [jvm.dll+0x2da3c7]
V  [jvm.dll+0x701a67]
V  [jvm.dll+0x70325c]
V  [jvm.dll+0x359049]
V  [jvm.dll+0x6e552e]
V  [jvm.dll+0x3c1353]
V  [jvm.dll+0x3c3571]
C  [jli.dll+0x5373]
C  [ucrtbase.dll+0x210b2]
C  [KERNEL32.DLL+0x17c24]
C  [ntdll.dll+0x6d721]


---------------  P R O C E S S  ---------------

Threads class SMR info:
_java_thread_list=0x0000022b8c5450c0, length=0, elements={
}

Java Threads: ( => current thread )

Other Threads:
  0x0000022b8c665000 GCTaskThread "GC Thread#0" [stack: 0x0000008e97a00000,0x0000008e97b00000] [id=4756]
  0x0000022b8c6c5000 ConcurrentGCThread "G1 Main Marker" [stack: 0x0000008e97b00000,0x0000008e97c00000] [id=1540]
  0x0000022b8c6c6800 ConcurrentGCThread "G1 Conc#0" [stack: 0x0000008e97c00000,0x0000008e97d00000] [id=600]

[error occurred during error reporting (printing all threads), id 0xc0000005, EXCEPTION_ACCESS_VIOLATION (0xc0000005) at pc=0x00007ffcf3d69807]

VM state:not at safepoint (not fully initialized)

VM Mutex/Monitor currently owned by a thread:  ([mutex/lock_event])
[0x0000022b8c648160] Heap_lock - owner thread: 0x0000022b8c64c000

Heap address: 0x0000000701400000, size: 4076 MB, Compressed Oops mode: Non-zero based: 0x0000000701400000
Narrow klass base: 0x0000000000000000, Narrow klass shift: 0

GC Heap History (0 events):
No events

Deoptimization events (0 events):
No events

Classes redefined (0 events):
No events

Internal exceptions (0 events):
No events

Events (1 events):
Event: 0.008 Loaded shared library C:\Program Files\JetBrains\WebStorm 2020.1.2\jbr\bin\zip.dll


Dynamic libraries:
0x00007ff67b1c0000 - 0x00007ff67b1ca000 	C:\Program Files\JetBrains\WebStorm 2020.1.2\jbr\bin\java.exe
0x00007ffd4b540000 - 0x00007ffd4b730000 	C:\WINDOWS\SYSTEM32\ntdll.dll
0x00007ffd4a310000 - 0x00007ffd4a3c2000 	C:\WINDOWS\System32\KERNEL32.DLL
0x00007ffd48ff0000 - 0x00007ffd49295000 	C:\WINDOWS\System32\KERNELBASE.dll
0x00007ffd48e20000 - 0x00007ffd48f1a000 	C:\WINDOWS\System32\ucrtbase.dll
0x00007ffd42f40000 - 0x00007ffd42f57000 	C:\Program Files\JetBrains\WebStorm 2020.1.2\jbr\bin\VCRUNTIME140.dll
0x00007ffd3bd90000 - 0x00007ffd3bda9000 	C:\Program Files\JetBrains\WebStorm 2020.1.2\jbr\bin\jli.dll
0x00007ffd49760000 - 0x00007ffd498f4000 	C:\WINDOWS\System32\USER32.dll
0x00007ffd48fc0000 - 0x00007ffd48fe1000 	C:\WINDOWS\System32\win32u.dll
0x00007ffd3d6b0000 - 0x00007ffd3d934000 	C:\WINDOWS\WinSxS\amd64_microsoft.windows.common-controls_6595b64144ccf1df_6.0.18362.1379_none_9e7ff3b3e45cc0c4\COMCTL32.dll
0x00007ffd496b0000 - 0x00007ffd496d6000 	C:\WINDOWS\System32\GDI32.dll
0x00007ffd49900000 - 0x00007ffd4999e000 	C:\WINDOWS\System32\msvcrt.dll
0x00007ffd49310000 - 0x00007ffd494a8000 	C:\WINDOWS\System32\gdi32full.dll
0x00007ffd48f20000 - 0x00007ffd48fbe000 	C:\WINDOWS\System32\msvcp_win.dll
0x00007ffd4aa50000 - 0x00007ffd4ad87000 	C:\WINDOWS\System32\combase.dll
0x00007ffd4b200000 - 0x00007ffd4b31f000 	C:\WINDOWS\System32\RPCRT4.dll
0x00007ffd48610000 - 0x00007ffd48691000 	C:\WINDOWS\System32\bcryptPrimitives.dll
0x00007ffd49610000 - 0x00007ffd4963e000 	C:\WINDOWS\System32\IMM32.DLL
0x00007ffd3bcf0000 - 0x00007ffd3bd8d000 	C:\Program Files\JetBrains\WebStorm 2020.1.2\jbr\bin\msvcp140.dll
0x00007ffcf3a80000 - 0x00007ffcf454e000 	C:\Program Files\JetBrains\WebStorm 2020.1.2\jbr\bin\server\jvm.dll
0x00007ffd4b3f0000 - 0x00007ffd4b493000 	C:\WINDOWS\System32\ADVAPI32.dll
0x00007ffd49a20000 - 0x00007ffd49ab7000 	C:\WINDOWS\System32\sechost.dll
0x00007ffd4a3d0000 - 0x00007ffd4a3d8000 	C:\WINDOWS\System32\PSAPI.DLL
0x00007ffd390c0000 - 0x00007ffd390c9000 	C:\WINDOWS\SYSTEM32\WSOCK32.dll
0x00007ffd43a50000 - 0x00007ffd43a74000 	C:\WINDOWS\SYSTEM32\WINMM.dll
0x00007ffd4a8c0000 - 0x00007ffd4a92f000 	C:\WINDOWS\System32\WS2_32.dll
0x00007ffd42e90000 - 0x00007ffd42e9a000 	C:\WINDOWS\SYSTEM32\VERSION.dll
0x00007ffd43a00000 - 0x00007ffd43a2d000 	C:\WINDOWS\SYSTEM32\WINMMBASE.dll
0x00007ffd492a0000 - 0x00007ffd492ea000 	C:\WINDOWS\System32\cfgmgr32.dll
0x00007ffd48480000 - 0x00007ffd48491000 	C:\WINDOWS\System32\kernel.appcore.dll
0x00007ffd45050000 - 0x00007ffd45061000 	C:\Program Files\JetBrains\WebStorm 2020.1.2\jbr\bin\verify.dll
0x00007ffd38e80000 - 0x00007ffd39074000 	C:\WINDOWS\SYSTEM32\DBGHELP.DLL
0x00007ffd389a0000 - 0x00007ffd389ca000 	C:\WINDOWS\SYSTEM32\dbgcore.DLL
0x00007ffd3af00000 - 0x00007ffd3af29000 	C:\Program Files\JetBrains\WebStorm 2020.1.2\jbr\bin\java.dll
0x00007ffd45040000 - 0x00007ffd4504b000 	C:\Program Files\JetBrains\WebStorm 2020.1.2\jbr\bin\jimage.dll
0x00007ffd3b040000 - 0x00007ffd3b058000 	C:\Program Files\JetBrains\WebStorm 2020.1.2\jbr\bin\zip.dll

dbghelp: loaded successfully - version: 4.0.5 - missing functions: none
symbol engine: initialized successfully - sym options: 0x614 - pdb path: .;C:\Program Files\JetBrains\WebStorm 2020.1.2\jbr\bin;C:\WINDOWS\SYSTEM32;C:\WINDOWS\WinSxS\amd64_microsoft.windows.common-controls_6595b64144ccf1df_6.0.18362.1379_none_9e7ff3b3e45cc0c4;C:\Program Files\JetBrains\WebStorm 2020.1.2\jbr\bin\server

VM Arguments:
java_command: org.jetbrains.git4idea.http.GitAskPassApp Username for 'https://github.com': 
java_class_path (initial): C:/Program Files/JetBrains/WebStorm 2020.1.2/plugins/git4idea/lib/git4idea-rt.jar;C:/Program Files/JetBrains/WebStorm 2020.1.2/lib/xmlrpc-2.0.1.jar;C:/Program Files/JetBrains/WebStorm 2020.1.2/lib/commons-codec-1.14.jar
Launcher Type: SUN_STANDARD

[Global flags]
     intx CICompilerCount                          = 4                                         {product} {ergonomic}
     uint ConcGCThreads                            = 2                                         {product} {ergonomic}
     uint G1ConcRefinementThreads                  = 8                                         {product} {ergonomic}
   size_t G1HeapRegionSize                         = 1048576                                   {product} {ergonomic}
    uintx GCDrainStackTargetSize                   = 64                                        {product} {ergonomic}
   size_t InitialHeapSize                          = 268435456                                 {product} {ergonomic}
   size_t MarkStackSize                            = 4194304                                   {product} {ergonomic}
   size_t MaxHeapSize                              = 4273995776                                {product} {ergonomic}
   size_t MinHeapDeltaBytes                        = 1048576                                   {product} {ergonomic}
    uintx NonNMethodCodeHeapSize                   = 5836300                                {pd product} {ergonomic}
    uintx NonProfiledCodeHeapSize                  = 122910970                              {pd product} {ergonomic}
    uintx ProfiledCodeHeapSize                     = 122910970                              {pd product} {ergonomic}
    uintx ReservedCodeCacheSize                    = 251658240                              {pd product} {ergonomic}
     bool SegmentedCodeCache                       = true                                      {product} {ergonomic}
     bool UseCompressedClassPointers               = true                                 {lp64_product} {ergonomic}
     bool UseCompressedOops                        = true                                 {lp64_product} {ergonomic}
     bool UseG1GC                                  = true                                      {product} {ergonomic}
     bool UseLargePagesIndividualAllocation        = false                                  {pd product} {ergonomic}

Logging:
Log output configuration:
 #0: stdout all=warning uptime,level,tags
 #1: stderr all=off uptime,level,tags

Environment Variables:
PATH=C:/Program Files/Git/mingw64/libexec/git-core;C:/Program Files/Git/mingw64/libexec/git-core;C:\Program Files\Git\mingw64\bin;C:\Program Files\Git\usr\bin;C:\Users\Алексей\bin;c:\programdata\oracle\java\javapath;c:\program files (x86)\intel\icls client\;c:\program files\intel\icls client\;c:\windows\system32;c:\windows;c:\windows\system32\wbem;c:\windows\system32\windowspowershell\v1.0\;c:\program files\intel\intel(r) management engine components\dal;c:\program files\intel\intel(r) management engine components\ipt;c:\program files (x86)\intel\intel(r) management engine components\dal;c:\program files (x86)\intel\intel(r) management engine components\ipt;c:\windows\system32\openssh\;C:\WINDOWS\system32;C:\WINDOWS;C:\WINDOWS\system32\wbem;C:\WINDOWS\system32\windowspowershell\v1.0\;C:\WINDOWS\system32\openssh\;C:\Program Files (x86)\NVIDIA Corporation\PhysX\Common;C:\Program Files\nodejs\;C:\Program Files\Git\cmd;C:\Program Files (x86)\Yarn\bin\;C:\Program Files\Microsoft\Web Platform Installer\;C:\php8;C:\ProgramData\ComposerSetup\bin;C:\Program Files\Docker\Docker\resources\bin;C:\ProgramData\DockerDesktop\version-bin;C:\Users\Алексей\AppData\Local\Microsoft\WindowsApps;C:\Users\Алексей\AppData\Roaming\npm;C:\Users\Алексей\AppData\Local\GitHubDesktop\bin;C:\Users\Алексей\AppData\Local\Yarn\bin;C:\Users\Алексей\AppData\Local\Programs\Microsoft VS Code\bin;C:\Users\Алексей\AppData\Roaming\Composer\vendor\bin
USERNAME=Алексей
DISPLAY=:0.0
LC_ALL=en_US.UTF-8
OS=Windows_NT
PROCESSOR_IDENTIFIER=Intel64 Family 6 Model 60 Stepping 3, GenuineIntel



---------------  S Y S T E M  ---------------

OS: Windows 10 , 64 bit Build 18362 (10.0.18362.1350)
OS uptime: 0 days 15:12 hours
HyperV virtualization detected

CPU:total 8 (initial active 8) (4 cores per cpu, 2 threads per core) family 6 model 60 stepping 3, cmov, cx8, fxsr, mmx, sse, sse2, sse3, ssse3, sse4.1, sse4.2, popcnt, avx, avx2, aes, clmul, erms, lzcnt, ht, tsc, tscinvbit, bmi1, bmi2, fma

Memory: 4k page, system-wide physical 16303M (1810M free)
TotalPageFile size 16303M (AvailPageFile size 63M)
current process WorkingSet (physical memory assigned to process): 10M, peak: 10M
current process commit charge ("private bytes"): 60M, peak: 316M

vm_info: OpenJDK 64-Bit Server VM (11.0.9.1+11-b1145.63) for windows-amd64 JRE (11.0.9.1+11-b1145.63), built on Dec 21 2020 13:58:54 by "" with MS VC++ 14.0 (VS2015)

END.
